#
# There is insufficient memory for the Java Runtime Environment to continue.
# Native memory allocation (mmap) failed to map 5242880 bytes. Error detail: G1 virtual space
# Possible reasons:
#   The system is out of physical RAM or swap space
#   This process is running with CompressedOops enabled, and the Java Heap may be blocking the growth of the native heap
# Possible solutions:
#   Reduce memory load on the system
#   Increase physical memory or swap space
#   Check if swap backing store is full
#   Decrease Java heap size (-Xmx/-Xms)
#   Decrease number of Java threads
#   Decrease Java thread stack sizes (-Xss)
#   Set larger code cache with -XX:ReservedCodeCacheSize=
#   JVM is running with Unscaled Compressed Oops mode in which the Java heap is
#     placed in the first 4GB address space. The Java Heap base address is the
#     maximum limit for the native heap growth. Please use -XX:HeapBaseMinAddress
#     to set the Java Heap base and to place the Java Heap above 4GB virtual address.
# This output file may be truncated or incomplete.
#
#  Out of Memory Error (os_windows.cpp:3618), pid=27196, tid=26904
#
# JRE version: OpenJDK Runtime Environment Temurin-17.0.14+7 (17.0.14+7) (build 17.0.14+7)
# Java VM: OpenJDK 64-Bit Server VM Temurin-17.0.14+7 (17.0.14+7, mixed mode, sharing, tiered, compressed oops, compressed class ptrs, g1 gc, windows-amd64)
# No core dump will be written. Minidumps are not enabled by default on client versions of Windows
#

---------------  S U M M A R Y ------------

Command Line: -Dapplication.home=C:\Program Files\Eclipse Adoptium\jdk-17.0.14.7-hotspot --add-modules=ALL-DEFAULT -Xms8m -Djdk.module.main=jdk.compiler jdk.compiler/com.sun.tools.javac.Main Main.java

Host: Intel(R) Core(TM) i7-1065G7 CPU @ 1.30GHz, 8 cores, 7G,  Windows 11 , 64 bit Build 26100 (10.0.26100.4202)
Time: Sat Jul  5 16:50:34 2025 Egypt Daylight Time elapsed time: 3.201318 seconds (0d 0h 0m 3s)

---------------  T H R E A D  ---------------

Current thread (0x000001fae8799e30):  VMThread "VM Thread" [stack: 0x0000004850900000,0x0000004850a00000] [id=26904]

Stack: [0x0000004850900000,0x0000004850a00000]
Native frames: (J=compiled Java code, j=interpreted, Vv=VM code, C=native code)
V  [jvm.dll+0x682eb9]
V  [jvm.dll+0x8399c8]
V  [jvm.dll+0x83b473]
V  [jvm.dll+0x83bae3]
V  [jvm.dll+0x24715f]
V  [jvm.dll+0x67fc99]
V  [jvm.dll+0x674b8a]
V  [jvm.dll+0x304c06]
V  [jvm.dll+0x30c0c6]
V  [jvm.dll+0x35dc3e]
V  [jvm.dll+0x35de7d]
V  [jvm.dll+0x2dbfcc]
V  [jvm.dll+0x2da36f]
V  [jvm.dll+0x2d9adc]
V  [jvm.dll+0x31d2bb]
V  [jvm.dll+0x84031d]
V  [jvm.dll+0x841053]
V  [jvm.dll+0x84157f]
V  [jvm.dll+0x841964]
V  [jvm.dll+0x841a2e]
V  [jvm.dll+0x7e948c]
V  [jvm.dll+0x681d97]
C  [ucrtbase.dll+0x37b0]
C  [KERNEL32.DLL+0x2e8d7]
C  [ntdll.dll+0x3c34c]

VM_Operation (0x00000048503fdf20): G1CollectForAllocation, mode: safepoint, requested by thread 0x000001fac9d96950


---------------  P R O C E S S  ---------------

Threads class SMR info:
_java_thread_list=0x000001fae8a431d0, length=12, elements={
0x000001fac9d96950, 0x000001fae87a0a80, 0x000001fae87a21b0, 0x000001fae87b8ba0,
0x000001fae87b9560, 0x000001fae87b9f20, 0x000001fae87ba8e0, 0x000001fae87bc690,
0x000001fae87c2e80, 0x000001fae87c7fc0, 0x000001fae8a18fe0, 0x000001fae8a45a50
}

Java Threads: ( => current thread )
  0x000001fac9d96950 JavaThread "main" [_thread_blocked, id=32192, stack(0x0000004850300000,0x0000004850400000)]
  0x000001fae87a0a80 JavaThread "Reference Handler" daemon [_thread_blocked, id=20560, stack(0x0000004850a00000,0x0000004850b00000)]
  0x000001fae87a21b0 JavaThread "Finalizer" daemon [_thread_blocked, id=31824, stack(0x0000004850b00000,0x0000004850c00000)]
  0x000001fae87b8ba0 JavaThread "Signal Dispatcher" daemon [_thread_blocked, id=30176, stack(0x0000004850c00000,0x0000004850d00000)]
  0x000001fae87b9560 JavaThread "Attach Listener" daemon [_thread_blocked, id=9112, stack(0x0000004850d00000,0x0000004850e00000)]
  0x000001fae87b9f20 JavaThread "Service Thread" daemon [_thread_blocked, id=31440, stack(0x0000004850e00000,0x0000004850f00000)]
  0x000001fae87ba8e0 JavaThread "Monitor Deflation Thread" daemon [_thread_blocked, id=17476, stack(0x0000004850f00000,0x0000004851000000)]
  0x000001fae87bc690 JavaThread "C2 CompilerThread0" daemon [_thread_blocked, id=21196, stack(0x0000004851000000,0x0000004851100000)]
  0x000001fae87c2e80 JavaThread "C1 CompilerThread0" daemon [_thread_blocked, id=34368, stack(0x0000004851100000,0x0000004851200000)]
  0x000001fae87c7fc0 JavaThread "Sweeper thread" daemon [_thread_blocked, id=32896, stack(0x0000004851200000,0x0000004851300000)]
  0x000001fae8a18fe0 JavaThread "Common-Cleaner" daemon [_thread_blocked, id=32756, stack(0x0000004851300000,0x0000004851400000)]
  0x000001fae8a45a50 JavaThread "Notification Thread" daemon [_thread_blocked, id=18320, stack(0x0000004851400000,0x0000004851500000)]

Other Threads:
=>0x000001fae8799e30 VMThread "VM Thread" [stack: 0x0000004850900000,0x0000004850a00000] [id=26904]
  0x000001fae8b09040 WatcherThread [stack: 0x0000004851500000,0x0000004851600000] [id=23896]
  0x000001fac9df4ed0 GCTaskThread "GC Thread#0" [stack: 0x0000004850400000,0x0000004850500000] [id=14900]
  0x000001fae8d0f570 GCTaskThread "GC Thread#1" [stack: 0x0000004851600000,0x0000004851700000] [id=15468]
  0x000001fae8d3a7c0 GCTaskThread "GC Thread#2" [stack: 0x0000004851700000,0x0000004851800000] [id=31968]
  0x000001fae8d3aa80 GCTaskThread "GC Thread#3" [stack: 0x0000004851800000,0x0000004851900000] [id=18812]
  0x000001faed092e70 GCTaskThread "GC Thread#4" [stack: 0x0000004851900000,0x0000004851a00000] [id=3048]
  0x000001faed131870 GCTaskThread "GC Thread#5" [stack: 0x0000004851a00000,0x0000004851b00000] [id=25624]
  0x000001fac9e056e0 ConcurrentGCThread "G1 Main Marker" [stack: 0x0000004850500000,0x0000004850600000] [id=10308]
  0x000001fac9e06100 ConcurrentGCThread "G1 Conc#0" [stack: 0x0000004850600000,0x0000004850700000] [id=26212]
  0x000001fac9e2eda0 ConcurrentGCThread "G1 Refine#0" [stack: 0x0000004850700000,0x0000004850800000] [id=4440]
  0x000001fac9e304a0 ConcurrentGCThread "G1 Service" [stack: 0x0000004850800000,0x0000004850900000] [id=27104]

Threads with active compile tasks:
C2 CompilerThread0     3241  788       4       java.util.HashMap::putVal (300 bytes)
C1 CompilerThread0     3241  845       3       java.util.stream.SpinedBuffer::accept (94 bytes)

VM state: at safepoint (normal execution)

VM Mutex/Monitor currently owned by a thread:  ([mutex/lock_event])
[0x000001fac9d91c10] Threads_lock - owner thread: 0x000001fae8799e30
[0x000001fac9d92480] Heap_lock - owner thread: 0x000001fac9d96950

Heap address: 0x0000000083a00000, size: 1990 MB, Compressed Oops mode: 32-bit

CDS archive(s) mapped at: [0x000001fa80000000-0x000001fa80bb0000-0x000001fa80bb0000), size 12255232, SharedBaseAddress: 0x000001fa80000000, ArchiveRelocationMode: 1.
Compressed class space mapped at: 0x000001fa81000000-0x000001fac1000000, reserved size: 1073741824
Narrow klass base: 0x000001fa80000000, Narrow klass shift: 0, Narrow klass range: 0x100000000

GC Precious Log:
 CPUs: 8 total, 8 available
 Memory: 7959M
 Large Page Support: Disabled
 NUMA Support: Disabled
 Compressed Oops: Enabled (32-bit)
 Heap Region Size: 1M
 Heap Min Capacity: 8M
 Heap Initial Capacity: 8M
 Heap Max Capacity: 1990M
 Pre-touch: Disabled
 Parallel Workers: 8
 Concurrent Workers: 2
 Concurrent Refinement Workers: 8
 Periodic GC: Disabled

Heap:
 garbage-first heap   total 8192K, used 3144K [0x0000000083a00000, 0x0000000100000000)
  region size 1024K, 1 young (1024K), 1 survivors (1024K)
 Metaspace       used 7842K, committed 8000K, reserved 1114112K
  class space    used 916K, committed 1024K, reserved 1048576K

Heap Regions: E=young(eden), S=young(survivor), O=old, HS=humongous(starts), HC=humongous(continues), CS=collection set, F=free, OA=open archive, CA=closed archive, TAMS=top-at-mark-start (previous, next)
|   0|0x0000000083a00000, 0x0000000083b00000, 0x0000000083b00000|100%| O|  |TAMS 0x0000000083a00000, 0x0000000083a00000| Untracked 
|   1|0x0000000083b00000, 0x0000000083c00000, 0x0000000083c00000|100%| O|  |TAMS 0x0000000083b00000, 0x0000000083b00000| Untracked 
|   2|0x0000000083c00000, 0x0000000083c68600, 0x0000000083d00000| 40%| O|  |TAMS 0x0000000083c00000, 0x0000000083c00000| Untracked 
|   3|0x0000000083d00000, 0x0000000083d00000, 0x0000000083e00000|  0%| F|  |TAMS 0x0000000083d00000, 0x0000000083d00000| Untracked 
|   4|0x0000000083e00000, 0x0000000083e00000, 0x0000000083f00000|  0%| F|  |TAMS 0x0000000083e00000, 0x0000000083e00000| Untracked 
|   5|0x0000000083f00000, 0x0000000083f00000, 0x0000000084000000|  0%| F|  |TAMS 0x0000000083f00000, 0x0000000083f00000| Untracked 
|   6|0x0000000084000000, 0x00000000840a9d58, 0x0000000084100000| 66%| S|CS|TAMS 0x0000000084000000, 0x0000000084000000| Complete 
|   7|0x0000000084100000, 0x0000000084100000, 0x0000000084200000|  0%| F|  |TAMS 0x0000000084100000, 0x0000000084100000| Untracked 

Card table byte_map: [0x000001fae17d0000,0x000001fae1bc0000] _byte_map_base: 0x000001fae13b3000

Marking Bits (Prev, Next): (CMBitMap*) 0x000001fac9df54f0, (CMBitMap*) 0x000001fac9df5530
 Prev Bits: [0x000001fae1fb0000, 0x000001fae3ec8000)
 Next Bits: [0x000001fae3ed0000, 0x000001fae5de8000)

Polling page: 0x000001fac8500000

Metaspace:

Usage:
  Non-class:      6.76 MB used.
      Class:    916.30 KB used.
       Both:      7.66 MB used.

Virtual space:
  Non-class space:       64.00 MB reserved,       6.81 MB ( 11%) committed,  1 nodes.
      Class space:        1.00 GB reserved,       1.00 MB ( <1%) committed,  1 nodes.
             Both:        1.06 GB reserved,       7.81 MB ( <1%) committed. 

Chunk freelists:
   Non-Class:  6.62 MB
       Class:  14.95 MB
        Both:  21.58 MB

MaxMetaspaceSize: unlimited
CompressedClassSpaceSize: 1.00 GB
Initial GC threshold: 21.00 MB
Current GC threshold: 21.00 MB
CDS: on
MetaspaceReclaimPolicy: balanced
 - commit_granule_bytes: 65536.
 - commit_granule_words: 8192.
 - virtual_space_node_default_size: 8388608.
 - enlarge_chunks_in_place: 1.
 - new_chunks_are_fully_committed: 0.
 - uncommit_free_chunks: 1.
 - use_allocation_guard: 0.
 - handle_deallocations: 1.


Internal statistics:

num_allocs_failed_limit: 0.
num_arena_births: 62.
num_arena_deaths: 0.
num_vsnodes_births: 2.
num_vsnodes_deaths: 0.
num_space_committed: 125.
num_space_uncommitted: 0.
num_chunks_returned_to_freelist: 0.
num_chunks_taken_from_freelist: 323.
num_chunk_merges: 0.
num_chunk_splits: 234.
num_chunks_enlarged: 182.
num_inconsistent_stats: 0.

CodeHeap 'non-profiled nmethods': size=120000Kb used=250Kb max_used=250Kb free=119749Kb
 bounds [0x000001fad9440000, 0x000001fad96b0000, 0x000001fae0970000]
CodeHeap 'profiled nmethods': size=120000Kb used=1310Kb max_used=1310Kb free=118690Kb
 bounds [0x000001fad1970000, 0x000001fad1be0000, 0x000001fad8ea0000]
CodeHeap 'non-nmethods': size=5760Kb used=1136Kb max_used=1151Kb free=4623Kb
 bounds [0x000001fad8ea0000, 0x000001fad9110000, 0x000001fad9440000]
 total_blobs=1241 nmethods=835 adapters=319
 compilation: enabled
              stopped_count=0, restarted_count=0
 full_count=0

Compilation events (20 events):
Event: 1.176 Thread 0x000001fae87c2e80 nmethod 831 0x000001fad1ab4010 code [0x000001fad1ab4240, 0x000001fad1ab4798]
Event: 1.176 Thread 0x000001fae87c2e80  832       3       jdk.internal.jimage.ImageLocation::getFullName (6 bytes)
Event: 1.176 Thread 0x000001fae87c2e80 nmethod 832 0x000001fad1ab4a90 code [0x000001fad1ab4c20, 0x000001fad1ab4d68]
Event: 1.176 Thread 0x000001fae87c2e80  833       3       jdk.internal.misc.Unsafe::getIntUnaligned (12 bytes)
Event: 1.176 Thread 0x000001fae87c2e80 nmethod 833 0x000001fad1ab4e10 code [0x000001fad1ab4fc0, 0x000001fad1ab5218]
Event: 1.176 Thread 0x000001fae87c2e80  835       1       java.lang.invoke.DirectMethodHandle::isCrackable (5 bytes)
Event: 1.177 Thread 0x000001fae87c2e80 nmethod 835 0x000001fad947df90 code [0x000001fad947e120, 0x000001fad947e1f8]
Event: 1.181 Thread 0x000001fae87c2e80  836       3       jdk.internal.jrtfs.JrtPath::normalize (97 bytes)
Event: 1.182 Thread 0x000001fae87c2e80 nmethod 836 0x000001fad1ab5310 code [0x000001fad1ab5580, 0x000001fad1ab5fa8]
Event: 1.182 Thread 0x000001fae87c2e80  837       3       java.util.stream.AbstractSpinedBuffer::count (31 bytes)
Event: 1.182 Thread 0x000001fae87c2e80 nmethod 837 0x000001fad1ab6390 code [0x000001fad1ab6540, 0x000001fad1ab66f8]
Event: 1.182 Thread 0x000001fae87c2e80  842       3       jdk.internal.jrtfs.JrtPath::isAbsolute (29 bytes)
Event: 1.183 Thread 0x000001fae87c2e80 nmethod 842 0x000001fad1ab6810 code [0x000001fad1ab6a20, 0x000001fad1ab7098]
Event: 1.183 Thread 0x000001fae87c2e80  840       3       java.lang.String::substring (10 bytes)
Event: 1.183 Thread 0x000001fae87c2e80 nmethod 840 0x000001fad1ab7310 code [0x000001fad1ab74c0, 0x000001fad1ab7708]
Event: 1.183 Thread 0x000001fae87c2e80  838       1       java.util.stream.Sink::cancellationRequested (2 bytes)
Event: 1.183 Thread 0x000001fae87c2e80 nmethod 838 0x000001fad947e290 code [0x000001fad947e420, 0x000001fad947e4f8]
Event: 1.183 Thread 0x000001fae87c2e80  839       1       jdk.internal.jimage.ImageReader$Node::getNameString (5 bytes)
Event: 1.183 Thread 0x000001fae87c2e80 nmethod 839 0x000001fad947e590 code [0x000001fad947e720, 0x000001fad947e7f8]
Event: 1.183 Thread 0x000001fae87c2e80  845       3       java.util.stream.SpinedBuffer::accept (94 bytes)

GC Heap History (11 events):
Event: 0.704 GC heap before
{Heap before GC invocations=0 (full 0):
 garbage-first heap   total 8192K, used 3072K [0x0000000083a00000, 0x0000000100000000)
  region size 1024K, 3 young (3072K), 0 survivors (0K)
 Metaspace       used 2600K, committed 2752K, reserved 1114112K
  class space    used 339K, committed 384K, reserved 1048576K
}
Event: 0.709 GC heap after
{Heap after GC invocations=1 (full 0):
 garbage-first heap   total 8192K, used 1444K [0x0000000083a00000, 0x0000000100000000)
  region size 1024K, 1 young (1024K), 1 survivors (1024K)
 Metaspace       used 2600K, committed 2752K, reserved 1114112K
  class space    used 339K, committed 384K, reserved 1048576K
}
Event: 0.878 GC heap before
{Heap before GC invocations=1 (full 0):
 garbage-first heap   total 8192K, used 2468K [0x0000000083a00000, 0x0000000100000000)
  region size 1024K, 2 young (2048K), 1 survivors (1024K)
 Metaspace       used 5294K, committed 5440K, reserved 1114112K
  class space    used 629K, committed 704K, reserved 1048576K
}
Event: 0.882 GC heap after
{Heap after GC invocations=2 (full 0):
 garbage-first heap   total 8192K, used 1948K [0x0000000083a00000, 0x0000000100000000)
  region size 1024K, 1 young (1024K), 1 survivors (1024K)
 Metaspace       used 5294K, committed 5440K, reserved 1114112K
  class space    used 629K, committed 704K, reserved 1048576K
}
Event: 1.038 GC heap before
{Heap before GC invocations=2 (full 0):
 garbage-first heap   total 8192K, used 2972K [0x0000000083a00000, 0x0000000100000000)
  region size 1024K, 2 young (2048K), 1 survivors (1024K)
 Metaspace       used 7095K, committed 7296K, reserved 1114112K
  class space    used 832K, committed 896K, reserved 1048576K
}
Event: 1.041 GC heap after
{Heap after GC invocations=3 (full 0):
 garbage-first heap   total 8192K, used 2236K [0x0000000083a00000, 0x0000000100000000)
  region size 1024K, 1 young (1024K), 1 survivors (1024K)
 Metaspace       used 7095K, committed 7296K, reserved 1114112K
  class space    used 832K, committed 896K, reserved 1048576K
}
Event: 1.103 GC heap before
{Heap before GC invocations=3 (full 0):
 garbage-first heap   total 8192K, used 3260K [0x0000000083a00000, 0x0000000100000000)
  region size 1024K, 2 young (2048K), 1 survivors (1024K)
 Metaspace       used 7544K, committed 7744K, reserved 1114112K
  class space    used 879K, committed 960K, reserved 1048576K
}
Event: 1.105 GC heap after
{Heap after GC invocations=4 (full 0):
 garbage-first heap   total 8192K, used 2490K [0x0000000083a00000, 0x0000000100000000)
  region size 1024K, 1 young (1024K), 1 survivors (1024K)
 Metaspace       used 7544K, committed 7744K, reserved 1114112K
  class space    used 879K, committed 960K, reserved 1048576K
}
Event: 1.143 GC heap before
{Heap before GC invocations=4 (full 0):
 garbage-first heap   total 8192K, used 3514K [0x0000000083a00000, 0x0000000100000000)
  region size 1024K, 2 young (2048K), 1 survivors (1024K)
 Metaspace       used 7641K, committed 7872K, reserved 1114112K
  class space    used 887K, committed 960K, reserved 1048576K
}
Event: 1.149 GC heap after
{Heap after GC invocations=5 (full 0):
 garbage-first heap   total 8192K, used 2905K [0x0000000083a00000, 0x0000000100000000)
  region size 1024K, 1 young (1024K), 1 survivors (1024K)
 Metaspace       used 7641K, committed 7872K, reserved 1114112K
  class space    used 887K, committed 960K, reserved 1048576K
}
Event: 1.184 GC heap before
{Heap before GC invocations=5 (full 0):
 garbage-first heap   total 8192K, used 3929K [0x0000000083a00000, 0x0000000100000000)
  region size 1024K, 2 young (2048K), 1 survivors (1024K)
 Metaspace       used 7842K, committed 8000K, reserved 1114112K
  class space    used 916K, committed 1024K, reserved 1048576K
}

Dll operation events (5 events):
Event: 0.038 Loaded shared library C:\Program Files\Eclipse Adoptium\jdk-17.0.14.7-hotspot\bin\java.dll
Event: 0.152 Loaded shared library C:\Program Files\Eclipse Adoptium\jdk-17.0.14.7-hotspot\bin\jsvml.dll
Event: 0.391 Loaded shared library C:\Program Files\Eclipse Adoptium\jdk-17.0.14.7-hotspot\bin\jimage.dll
Event: 0.582 Loaded shared library C:\Program Files\Eclipse Adoptium\jdk-17.0.14.7-hotspot\bin\net.dll
Event: 0.588 Loaded shared library C:\Program Files\Eclipse Adoptium\jdk-17.0.14.7-hotspot\bin\nio.dll

Deoptimization events (12 events):
Event: 0.662 Thread 0x000001fac9d96950 DEOPT PACKING pc=0x000001fad1999043 sp=0x00000048503fad20
Event: 0.662 Thread 0x000001fac9d96950 DEOPT UNPACKING pc=0x000001fad8eface3 sp=0x00000048503fa140 mode 0
Event: 0.703 Thread 0x000001fac9d96950 DEOPT PACKING pc=0x000001fad1998945 sp=0x00000048503fddf0
Event: 0.703 Thread 0x000001fac9d96950 DEOPT UNPACKING pc=0x000001fad8eface3 sp=0x00000048503fd268 mode 0
Event: 0.895 Thread 0x000001fac9d96950 Uncommon trap: trap_request=0xffffff45 fr.pc=0x000001fad944df28 relative=0x0000000000000848
Event: 0.895 Thread 0x000001fac9d96950 Uncommon trap: reason=unstable_if action=reinterpret pc=0x000001fad944df28 method=java.util.HashMap.putVal(ILjava/lang/Object;Ljava/lang/Object;ZZ)Ljava/lang/Object; @ 181 c2
Event: 0.895 Thread 0x000001fac9d96950 DEOPT PACKING pc=0x000001fad944df28 sp=0x00000048503fe530
Event: 0.895 Thread 0x000001fac9d96950 DEOPT UNPACKING pc=0x000001fad8efa1a3 sp=0x00000048503fe4d0 mode 2
Event: 0.990 Thread 0x000001fac9d96950 Uncommon trap: trap_request=0xffffff45 fr.pc=0x000001fad94659cc relative=0x000000000000048c
Event: 0.990 Thread 0x000001fac9d96950 Uncommon trap: reason=unstable_if action=reinterpret pc=0x000001fad94659cc method=java.lang.StringLatin1.replace([BCC)Ljava/lang/String; @ 19 c2
Event: 0.990 Thread 0x000001fac9d96950 DEOPT PACKING pc=0x000001fad94659cc sp=0x00000048503fedb0
Event: 0.990 Thread 0x000001fac9d96950 DEOPT UNPACKING pc=0x000001fad8efa1a3 sp=0x00000048503fed30 mode 2

Classes loaded (20 events):
Event: 1.178 Loading class java/util/stream/Nodes$EmptyNode done
Event: 1.178 Loading class java/util/stream/Nodes$EmptyNode$OfRef done
Event: 1.178 Loading class java/util/stream/Nodes$EmptyNode$OfInt
Event: 1.178 Loading class java/util/stream/Node$OfInt
Event: 1.178 Loading class java/util/stream/Node$OfPrimitive
Event: 1.178 Loading class java/util/stream/Node$OfPrimitive done
Event: 1.178 Loading class java/util/stream/Node$OfInt done
Event: 1.178 Loading class java/util/stream/Nodes$EmptyNode$OfInt done
Event: 1.179 Loading class java/util/stream/Nodes$EmptyNode$OfLong
Event: 1.179 Loading class java/util/stream/Node$OfLong
Event: 1.179 Loading class java/util/stream/Node$OfLong done
Event: 1.179 Loading class java/util/stream/Nodes$EmptyNode$OfLong done
Event: 1.179 Loading class java/util/stream/Nodes$EmptyNode$OfDouble
Event: 1.179 Loading class java/util/stream/Node$OfDouble
Event: 1.180 Loading class java/util/stream/Node$OfDouble done
Event: 1.180 Loading class java/util/stream/Nodes$EmptyNode$OfDouble done
Event: 1.180 Loading class java/util/stream/Nodes$SpinedNodeBuilder
Event: 1.180 Loading class java/util/stream/Node$Builder
Event: 1.180 Loading class java/util/stream/Node$Builder done
Event: 1.180 Loading class java/util/stream/Nodes$SpinedNodeBuilder done

Classes unloaded (0 events):
No events

Classes redefined (0 events):
No events

Internal exceptions (16 events):
Event: 0.564 Thread 0x000001fac9d96950 Exception <a 'java/lang/NoSuchMethodError'{0x00000000840e55b0}: 'void java.lang.invoke.DirectMethodHandle$Holder.invokeSpecial(java.lang.Object, java.lang.Object, java.lang.Object)'> (0x00000000840e55b0) 
thrown [s\src\hotspot\share\interpreter\linkResolver.cpp, line 759]
Event: 0.612 Thread 0x000001fac9d96950 Exception <a 'java/lang/NoSuchMethodError'{0x0000000083f2b548}: 'int java.lang.invoke.DirectMethodHandle$Holder.invokeVirtual(java.lang.Object, java.lang.Object, java.lang.Object)'> (0x0000000083f2b548) 
thrown [s\src\hotspot\share\interpreter\linkResolver.cpp, line 759]
Event: 0.615 Thread 0x000001fac9d96950 Exception <a 'java/lang/NoSuchMethodError'{0x0000000083f31de8}: 'void java.lang.invoke.DirectMethodHandle$Holder.invokeInterface(java.lang.Object, java.lang.Object, java.lang.Object)'> (0x0000000083f31de8) 
thrown [s\src\hotspot\share\interpreter\linkResolver.cpp, line 759]
Event: 0.778 Thread 0x000001fac9d96950 Exception <a 'java/lang/NoSuchMethodError'{0x000000008414a078}: 'int java.lang.invoke.DirectMethodHandle$Holder.invokeStaticInit(java.lang.Object, java.lang.Object)'> (0x000000008414a078) 
thrown [s\src\hotspot\share\interpreter\linkResolver.cpp, line 759]
Event: 0.875 Thread 0x000001fac9d96950 Exception <a 'java/lang/NoSuchMethodError'{0x00000000841edc20}: 'int java.lang.invoke.DirectMethodHandle$Holder.invokeVirtual(java.lang.Object, java.lang.Object)'> (0x00000000841edc20) 
thrown [s\src\hotspot\share\interpreter\linkResolver.cpp, line 759]
Event: 0.886 Thread 0x000001fac9d96950 Exception <a 'java/lang/NoSuchMethodError'{0x0000000084115e78}: 'java.lang.Object java.lang.invoke.DirectMethodHandle$Holder.newInvokeSpecial(java.lang.Object, java.lang.Object, java.lang.Object, java.lang.Object, java.lang.Object)'> (0x0000000084115e78) 
thrown [s\src\hotspot\share\interpreter\linkResolver.cpp, line 759]
Event: 0.891 Thread 0x000001fac9d96950 Exception <a 'java/lang/NoSuchMethodError'{0x0000000084124a70}: 'java.lang.Object java.lang.invoke.DirectMethodHandle$Holder.newInvokeSpecial(java.lang.Object, java.lang.Object, java.lang.Object, java.lang.Object, java.lang.Object, java.lang.Object)'> (0x0000000084124a70) 
thrown [s\src\hotspot\share\interpreter\linkResolver.cpp, line 759]
Event: 0.917 Thread 0x000001fac9d96950 Exception <a 'java/lang/NoSuchMethodError'{0x000000008416ed18}: 'java.lang.Object java.lang.invoke.DirectMethodHandle$Holder.invokeVirtual(java.lang.Object, java.lang.Object, java.lang.Object)'> (0x000000008416ed18) 
thrown [s\src\hotspot\share\interpreter\linkResolver.cpp, line 759]
Event: 0.920 Thread 0x000001fac9d96950 Exception <a 'java/lang/NoSuchMethodError'{0x000000008417a308}: 'int java.lang.invoke.DirectMethodHandle$Holder.invokeInterface(java.lang.Object, java.lang.Object)'> (0x000000008417a308) 
thrown [s\src\hotspot\share\interpreter\linkResolver.cpp, line 759]
Event: 0.923 Thread 0x000001fac9d96950 Exception <a 'sun/nio/fs/WindowsException'{0x00000000841825f8}> (0x00000000841825f8) 
thrown [s\src\hotspot\share\prims\jni.cpp, line 516]
Event: 0.952 Thread 0x000001fac9d96950 Exception <a 'java/lang/NoSuchMethodError'{0x000000008419c5c0}: 'java.lang.Object java.lang.invoke.DirectMethodHandle$Holder.invokeStaticInit(java.lang.Object)'> (0x000000008419c5c0) 
thrown [s\src\hotspot\share\interpreter\linkResolver.cpp, line 759]
Event: 1.095 Thread 0x000001fac9d96950 Exception <a 'java/lang/NoSuchMethodError'{0x00000000841dc8f0}: 'java.lang.Object java.lang.invoke.DirectMethodHandle$Holder.invokeVirtual(java.lang.Object, java.lang.Object, java.lang.Object, int, int)'> (0x00000000841dc8f0) 
thrown [s\src\hotspot\share\interpreter\linkResolver.cpp, line 759]
Event: 1.098 Thread 0x000001fac9d96950 Exception <a 'java/lang/NoSuchMethodError'{0x00000000841e3a70}: 'java.lang.Object java.lang.invoke.DirectMethodHandle$Holder.invokeVirtual(java.lang.Object, java.lang.Object, int)'> (0x00000000841e3a70) 
thrown [s\src\hotspot\share\interpreter\linkResolver.cpp, line 759]
Event: 1.099 Thread 0x000001fac9d96950 Exception <a 'java/lang/NoSuchMethodError'{0x00000000841eca50}: 'java.lang.Object java.lang.invoke.DirectMethodHandle$Holder.invokeSpecial(java.lang.Object, java.lang.Object, java.lang.Object, int, int)'> (0x00000000841eca50) 
thrown [s\src\hotspot\share\interpreter\linkResolver.cpp, line 759]
Event: 1.154 Thread 0x000001fac9d96950 Exception <a 'java/lang/NoSuchMethodError'{0x0000000084127190}: 'void java.lang.invoke.DirectMethodHandle$Holder.invokeStatic(java.lang.Object, java.lang.Object)'> (0x0000000084127190) 
thrown [s\src\hotspot\share\interpreter\linkResolver.cpp, line 759]
Event: 1.156 Thread 0x000001fac9d96950 Exception <a 'sun/nio/fs/WindowsException'{0x00000000841314d8}> (0x00000000841314d8) 
thrown [s\src\hotspot\share\prims\jni.cpp, line 516]

VM Operations (20 events):
Event: 0.300 Executing VM operation: HandshakeAllThreads done
Event: 0.571 Executing VM operation: HandshakeAllThreads
Event: 0.571 Executing VM operation: HandshakeAllThreads done
Event: 0.649 Executing VM operation: HandshakeAllThreads
Event: 0.649 Executing VM operation: HandshakeAllThreads done
Event: 0.703 Executing VM operation: G1CollectForAllocation
Event: 0.709 Executing VM operation: G1CollectForAllocation done
Event: 0.878 Executing VM operation: G1CollectForAllocation
Event: 0.882 Executing VM operation: G1CollectForAllocation done
Event: 0.929 Executing VM operation: HandshakeAllThreads
Event: 0.929 Executing VM operation: HandshakeAllThreads done
Event: 1.038 Executing VM operation: G1CollectForAllocation
Event: 1.041 Executing VM operation: G1CollectForAllocation done
Event: 1.061 Executing VM operation: HandshakeAllThreads
Event: 1.061 Executing VM operation: HandshakeAllThreads done
Event: 1.102 Executing VM operation: G1CollectForAllocation
Event: 1.105 Executing VM operation: G1CollectForAllocation done
Event: 1.143 Executing VM operation: G1CollectForAllocation
Event: 1.149 Executing VM operation: G1CollectForAllocation done
Event: 1.184 Executing VM operation: G1CollectForAllocation

Memory protections (0 events):
No events

Nmethod flushes (0 events):
No events

Events (12 events):
Event: 0.155 Thread 0x000001fac9d96950 Thread added: 0x000001fac9d96950
Event: 0.194 Thread 0x000001fac9d96950 Thread added: 0x000001fae87a0a80
Event: 0.194 Thread 0x000001fac9d96950 Thread added: 0x000001fae87a21b0
Event: 0.226 Thread 0x000001fac9d96950 Thread added: 0x000001fae87b8ba0
Event: 0.226 Thread 0x000001fac9d96950 Thread added: 0x000001fae87b9560
Event: 0.226 Thread 0x000001fac9d96950 Thread added: 0x000001fae87b9f20
Event: 0.226 Thread 0x000001fac9d96950 Thread added: 0x000001fae87ba8e0
Event: 0.226 Thread 0x000001fac9d96950 Thread added: 0x000001fae87bc690
Event: 0.228 Thread 0x000001fac9d96950 Thread added: 0x000001fae87c2e80
Event: 0.234 Thread 0x000001fac9d96950 Thread added: 0x000001fae87c7fc0
Event: 0.284 Thread 0x000001fac9d96950 Thread added: 0x000001fae8a18fe0
Event: 0.356 Thread 0x000001fac9d96950 Thread added: 0x000001fae8a45a50


Dynamic libraries:
0x00007ff696100000 - 0x00007ff696108000 	C:\Program Files\Eclipse Adoptium\jdk-17.0.14.7-hotspot\bin\javac.exe
0x00007ffe0b3a0000 - 0x00007ffe0b605000 	C:\WINDOWS\SYSTEM32\ntdll.dll
0x00007ffe0a210000 - 0x00007ffe0a2d9000 	C:\WINDOWS\System32\KERNEL32.DLL
0x00007ffe087a0000 - 0x00007ffe08b88000 	C:\WINDOWS\System32\KERNELBASE.dll
0x00007ffe084f0000 - 0x00007ffe0863b000 	C:\WINDOWS\System32\ucrtbase.dll
0x00007ffe00370000 - 0x00007ffe0038e000 	C:\Program Files\Eclipse Adoptium\jdk-17.0.14.7-hotspot\bin\VCRUNTIME140.dll
0x00007ffe033a0000 - 0x00007ffe033b7000 	C:\Program Files\Eclipse Adoptium\jdk-17.0.14.7-hotspot\bin\jli.dll
0x00007ffe0ad90000 - 0x00007ffe0af5a000 	C:\WINDOWS\System32\USER32.dll
0x00007ffe09060000 - 0x00007ffe09087000 	C:\WINDOWS\System32\win32u.dll
0x00007ffe0b1c0000 - 0x00007ffe0b1eb000 	C:\WINDOWS\System32\GDI32.dll
0x00007ffe08da0000 - 0x00007ffe08ed7000 	C:\WINDOWS\System32\gdi32full.dll
0x00007ffe09090000 - 0x00007ffe09133000 	C:\WINDOWS\System32\msvcp_win.dll
0x00007ffdf0860000 - 0x00007ffdf0afa000 	C:\WINDOWS\WinSxS\amd64_microsoft.windows.common-controls_6595b64144ccf1df_6.0.26100.4202_none_3e0698d4e335f517\COMCTL32.dll
0x00007ffe0afb0000 - 0x00007ffe0b059000 	C:\WINDOWS\System32\msvcrt.dll
0x00007ffe0b160000 - 0x00007ffe0b190000 	C:\WINDOWS\System32\IMM32.DLL
0x00007ffe03350000 - 0x00007ffe0335c000 	C:\Program Files\Eclipse Adoptium\jdk-17.0.14.7-hotspot\bin\vcruntime140_1.dll
0x00007ffdd0690000 - 0x00007ffdd071d000 	C:\Program Files\Eclipse Adoptium\jdk-17.0.14.7-hotspot\bin\msvcp140.dll
0x00007ffd5f5a0000 - 0x00007ffd6020b000 	C:\Program Files\Eclipse Adoptium\jdk-17.0.14.7-hotspot\bin\server\jvm.dll
0x00007ffe0b1f0000 - 0x00007ffe0b2a3000 	C:\WINDOWS\System32\ADVAPI32.dll
0x00007ffe09c70000 - 0x00007ffe09d16000 	C:\WINDOWS\System32\sechost.dll
0x00007ffe0ab10000 - 0x00007ffe0ac25000 	C:\WINDOWS\System32\RPCRT4.dll
0x00007ffe09d20000 - 0x00007ffe09d94000 	C:\WINDOWS\System32\WS2_32.dll
0x00007ffe07130000 - 0x00007ffe0718e000 	C:\WINDOWS\SYSTEM32\POWRPROF.dll
0x00007ffdf5030000 - 0x00007ffdf5065000 	C:\WINDOWS\SYSTEM32\WINMM.dll
0x00007ffdfff50000 - 0x00007ffdfff5b000 	C:\WINDOWS\SYSTEM32\VERSION.dll
0x00007ffe07110000 - 0x00007ffe07124000 	C:\WINDOWS\SYSTEM32\UMPDC.dll
0x00007ffe073d0000 - 0x00007ffe073eb000 	C:\WINDOWS\SYSTEM32\kernel.appcore.dll
0x00007ffe010a0000 - 0x00007ffe010aa000 	C:\Program Files\Eclipse Adoptium\jdk-17.0.14.7-hotspot\bin\jimage.dll
0x00007ffe05bf0000 - 0x00007ffe05e31000 	C:\WINDOWS\SYSTEM32\DBGHELP.DLL
0x00007ffe09e70000 - 0x00007ffe0a1f5000 	C:\WINDOWS\System32\combase.dll
0x00007ffe093b0000 - 0x00007ffe09491000 	C:\WINDOWS\System32\OLEAUT32.dll
0x00007ffdedc10000 - 0x00007ffdedc49000 	C:\WINDOWS\SYSTEM32\dbgcore.DLL
0x00007ffe08640000 - 0x00007ffe086d9000 	C:\WINDOWS\System32\bcryptPrimitives.dll
0x00007ffde8800000 - 0x00007ffde8825000 	C:\Program Files\Eclipse Adoptium\jdk-17.0.14.7-hotspot\bin\java.dll
0x00007ffda48a0000 - 0x00007ffda4977000 	C:\Program Files\Eclipse Adoptium\jdk-17.0.14.7-hotspot\bin\jsvml.dll
0x00007ffe09520000 - 0x00007ffe09c62000 	C:\WINDOWS\System32\SHELL32.dll
0x00007ffe08ee0000 - 0x00007ffe09054000 	C:\WINDOWS\System32\wintypes.dll
0x00007ffe06180000 - 0x00007ffe069d8000 	C:\WINDOWS\SYSTEM32\windows.storage.dll
0x00007ffe0b060000 - 0x00007ffe0b151000 	C:\WINDOWS\System32\SHCORE.dll
0x00007ffe09340000 - 0x00007ffe093aa000 	C:\WINDOWS\System32\shlwapi.dll
0x00007ffe08400000 - 0x00007ffe0842f000 	C:\WINDOWS\SYSTEM32\profapi.dll
0x00007ffdecd60000 - 0x00007ffdecd79000 	C:\Program Files\Eclipse Adoptium\jdk-17.0.14.7-hotspot\bin\net.dll
0x00007ffdffe20000 - 0x00007ffdfff3e000 	C:\WINDOWS\SYSTEM32\WINHTTP.dll
0x00007ffe07940000 - 0x00007ffe079aa000 	C:\WINDOWS\system32\mswsock.dll
0x00007ffdeca00000 - 0x00007ffdeca16000 	C:\Program Files\Eclipse Adoptium\jdk-17.0.14.7-hotspot\bin\nio.dll

dbghelp: loaded successfully - version: 4.0.5 - missing functions: none
symbol engine: initialized successfully - sym options: 0x614 - pdb path: .;C:\Program Files\Eclipse Adoptium\jdk-17.0.14.7-hotspot\bin;C:\WINDOWS\SYSTEM32;C:\WINDOWS\WinSxS\amd64_microsoft.windows.common-controls_6595b64144ccf1df_6.0.26100.4202_none_3e0698d4e335f517;C:\Program Files\Eclipse Adoptium\jdk-17.0.14.7-hotspot\bin\server

VM Arguments:
jvm_args: -Dapplication.home=C:\Program Files\Eclipse Adoptium\jdk-17.0.14.7-hotspot --add-modules=ALL-DEFAULT -Xms8m -Djdk.module.main=jdk.compiler 
java_command: jdk.compiler/com.sun.tools.javac.Main Main.java
java_class_path (initial): <not set>
Launcher Type: SUN_STANDARD

[Global flags]
     intx CICompilerCount                          = 4                                         {product} {ergonomic}
     uint ConcGCThreads                            = 2                                         {product} {ergonomic}
     uint G1ConcRefinementThreads                  = 8                                         {product} {ergonomic}
   size_t G1HeapRegionSize                         = 1048576                                   {product} {ergonomic}
    uintx GCDrainStackTargetSize                   = 64                                        {product} {ergonomic}
   size_t InitialHeapSize                          = 8388608                                   {product} {command line}
   size_t MarkStackSize                            = 4194304                                   {product} {ergonomic}
   size_t MaxHeapSize                              = 2086666240                                {product} {ergonomic}
   size_t MaxNewSize                               = 1251999744                                {product} {ergonomic}
   size_t MinHeapDeltaBytes                        = 1048576                                   {product} {ergonomic}
   size_t MinHeapSize                              = 8388608                                   {product} {command line}
    uintx NonNMethodCodeHeapSize                   = 5839372                                {pd product} {ergonomic}
    uintx NonProfiledCodeHeapSize                  = 122909434                              {pd product} {ergonomic}
    uintx ProfiledCodeHeapSize                     = 122909434                              {pd product} {ergonomic}
    uintx ReservedCodeCacheSize                    = 251658240                              {pd product} {ergonomic}
     bool SegmentedCodeCache                       = true                                      {product} {ergonomic}
   size_t SoftMaxHeapSize                          = 2086666240                             {manageable} {ergonomic}
     bool UseCompressedClassPointers               = true                           {product lp64_product} {ergonomic}
     bool UseCompressedOops                        = true                           {product lp64_product} {ergonomic}
     bool UseG1GC                                  = true                                      {product} {ergonomic}
     bool UseLargePagesIndividualAllocation        = false                                  {pd product} {ergonomic}

Logging:
Log output configuration:
 #0: stdout all=warning uptime,level,tags
 #1: stderr all=off uptime,level,tags

Environment Variables:
JAVA_HOME=C:\Program Files\Eclipse Adoptium\jdk-17.0.14.7-hotspot\
PATH=C:\Program Files\Eclipse Adoptium\jdk-17.0.14.7-hotspot\bin;C:\Program Files\Python312\Scripts\;C:\Program Files\Python312\;C:\WINDOWS\system32;C:\WINDOWS;C:\WINDOWS\System32\Wbem;C:\WINDOWS\System32\WindowsPowerShell\v1.0\;C:\WINDOWS\System32\OpenSSH\;C:\Program Files (x86)\NVIDIA Corporation\PhysX\Common;C:\Program Files\NVIDIA Corporation\NVIDIA NvDLISR;C:\Program Files\Git\cmd;C:\Users\user\Downloads\unzip-5.51-1.exe;C:\xampp\mysql\bin;C:\xampp\php;C:\Users\user\AppData\Roaming\Python\Python312;C:\ProgramData\Microsoft\Windows\Start Menu\Programs\Python 3.12;C:\Program Files\nodejs\;C:\laragon\bin\php\php-8.3.16;D:\xampp\php;C:\MinGW\bin;C:\Program Files\nodejs\node_modules\npm\bin;D:\xampp\php;C:\ProgramData\ComposerSetup\bin;C:\Program Files\MySQL\MySQL Shell 8.0\bin\;C:\Users\user\AppData\Local\Microsoft\WindowsApps;C:\Users\user\AppData\Local\Programs\Microsoft VS Code\bin;C:\Program Files\Python312\Scripts;C:\Program Files\Python312;C:\Users\user\AppData\Roaming\npm;D:\xampp\php;C:\Users\user\AppData\Roaming\Composer\vendor\bin
USERNAME=user
OS=Windows_NT
PROCESSOR_IDENTIFIER=Intel64 Family 6 Model 126 Stepping 5, GenuineIntel
TMP=C:\Users\user\AppData\Local\Temp
TEMP=C:\Users\user\AppData\Local\Temp



Periodic native trim disabled


---------------  S Y S T E M  ---------------

OS:
 Windows 11 , 64 bit Build 26100 (10.0.26100.4202)
OS uptime: 9 days 1:20 hours

CPU: total 8 (initial active 8) (4 cores per cpu, 2 threads per core) family 6 model 126 stepping 5 microcode 0xc2, cx8, cmov, fxsr, ht, mmx, 3dnowpref, sse, sse2, sse3, ssse3, sse4.1, sse4.2, popcnt, lzcnt, tsc, tscinvbit, avx, avx2, aes, erms, clmul, bmi1, bmi2, adx, avx512f, avx512dq, avx512cd, avx512bw, avx512vl, sha, fma, vzeroupper, avx512_vpopcntdq, avx512_vpclmulqdq, avx512_vaes, avx512_vnni, clflush, clflushopt, avx512_vbmi2, avx512_vbmi
Processor Information for processor 0
  Max Mhz: 1498, Current Mhz: 998, Mhz Limit: 1288
Processor Information for processor 1
  Max Mhz: 1498, Current Mhz: 1298, Mhz Limit: 1288
Processor Information for processor 2
  Max Mhz: 1498, Current Mhz: 1298, Mhz Limit: 1288
Processor Information for processor 3
  Max Mhz: 1498, Current Mhz: 1298, Mhz Limit: 1288
Processor Information for processor 4
  Max Mhz: 1498, Current Mhz: 998, Mhz Limit: 1288
Processor Information for processor 5
  Max Mhz: 1498, Current Mhz: 1298, Mhz Limit: 1288
Processor Information for processor 6
  Max Mhz: 1498, Current Mhz: 1298, Mhz Limit: 1288
Processor Information for processor 7
  Max Mhz: 1498, Current Mhz: 998, Mhz Limit: 1288

Memory: 4k page, system-wide physical 7959M (407M free)
TotalPageFile size 32535M (AvailPageFile size 53M)
current process WorkingSet (physical memory assigned to process): 62M, peak: 62M
current process commit charge ("private bytes"): 98M, peak: 103M

vm_info: OpenJDK 64-Bit Server VM (17.0.14+7) for windows-amd64 JRE (17.0.14+7), built on Jan 21 2025 23:40:15 by "admin" with MS VC++ 17.7 (VS2022)

END.
